Using pre-set license
Built from '2020.3/staging' branch; Version is '2020.3.20f1 (41c4e627c95f) revision 4310246'; Using compiler version '192528614'; Build Type 'Release'
OS: 'Windows 10 Home; OS build 19042.1288; Version 2009; 64bit' Language: 'zh' Physical Memory: 7948 MB
BatchMode: 1, IsHumanControllingUs: 0, StartBugReporterOnCrash: 0, Is64bit: 1, IsPro: 0

COMMAND LINE ARGUMENTS:
D:\2020.3.20f1\Editor\Unity.exe
-adb2
-batchMode
-noUpm
-name
AssetImportWorker0
-projectPath
D:/project/part3
-logFile
Logs/AssetImportWorker0.log
-srvPort
54178
Successfully changed project path to: D:/project/part3
D:/project/part3
Using Asset Import Pipeline V2.
Refreshing native plugins compatible for Editor in 91.77 ms, found 2 plugins.
Preloading 0 native plugins for Editor in 0.00 ms.
Initialize engine version: 2020.3.20f1 (41c4e627c95f)
[Subsystems] Discovering subsystems at path D:/2020.3.20f1/Editor/Data/Resources/UnitySubsystems
[Subsystems] Discovering subsystems at path D:/project/part3/Assets
GfxDevice: creating device client; threaded=0
Direct3D:
    Version:  Direct3D 11.0 [level 11.1]
    Renderer: NVIDIA GeForce MX330 (ID=0x1d16)
    Vendor:   
    VRAM:     1983 MB
    Driver:   27.21.14.6259
Initialize mono
Mono path[0] = 'D:/2020.3.20f1/Editor/Data/Managed'
Mono path[1] = 'D:/2020.3.20f1/Editor/Data/MonoBleedingEdge/lib/mono/unityjit'
Mono config path = 'D:/2020.3.20f1/Editor/Data/MonoBleedingEdge/etc'
Using monoOptions --debugger-agent=transport=dt_socket,embedding=1,server=y,suspend=n,address=127.0.0.1:56308
Begin MonoManager ReloadAssembly
Registering precompiled unity dll's ...
Register platform support module: D:/2020.3.20f1/Editor/Data/PlaybackEngines/WindowsStandaloneSupport/UnityEditor.WindowsStandalone.Extensions.dll
Registered in 0.002110 seconds.
Native extension for WindowsStandalone target not found
Refreshing native plugins compatible for Editor in 99.60 ms, found 2 plugins.
Preloading 0 native plugins for Editor in 0.00 ms.
Mono: successfully reloaded assembly
- Completed reload, in  4.892 seconds
Domain Reload Profiling:
	ReloadAssembly (4893ms)
		BeginReloadAssembly (135ms)
			ExecutionOrderSort (0ms)
			DisableScriptedObjects (0ms)
			BackupInstance (0ms)
			ReleaseScriptingObjects (0ms)
			CreateAndSetChildDomain (2ms)
		EndReloadAssembly (951ms)
			LoadAssemblies (133ms)
			RebuildTransferFunctionScriptingTraits (0ms)
			SetupTypeCache (328ms)
			ReleaseScriptCaches (0ms)
			RebuildScriptCaches (75ms)
			SetupLoadedEditorAssemblies (394ms)
				LogAssemblyErrors (0ms)
				InitializePlatformSupportModulesInManaged (9ms)
				SetLoadedEditorAssemblies (0ms)
				RefreshPlugins (100ms)
				BeforeProcessingInitializeOnLoad (19ms)
				ProcessInitializeOnLoadAttributes (198ms)
				ProcessInitializeOnLoadMethodAttributes (68ms)
				AfterProcessingInitializeOnLoad (0ms)
				EditorAssembliesLoaded (0ms)
			ExecutionOrderSort2 (0ms)
			AwakeInstancesAfterBackupRestoration (0ms)
Platform modules already initialized, skipping
Registering precompiled user dll's ...
Registered in 0.005179 seconds.
Begin MonoManager ReloadAssembly
Native extension for WindowsStandalone target not found
Refreshing native plugins compatible for Editor in 0.65 ms, found 2 plugins.
Preloading 0 native plugins for Editor in 0.00 ms.
Mono: successfully reloaded assembly
- Completed reload, in  2.044 seconds
Domain Reload Profiling:
	ReloadAssembly (2046ms)
		BeginReloadAssembly (304ms)
			ExecutionOrderSort (0ms)
			DisableScriptedObjects (9ms)
			BackupInstance (0ms)
			ReleaseScriptingObjects (0ms)
			CreateAndSetChildDomain (38ms)
		EndReloadAssembly (1615ms)
			LoadAssemblies (170ms)
			RebuildTransferFunctionScriptingTraits (0ms)
			SetupTypeCache (538ms)
			ReleaseScriptCaches (1ms)
			RebuildScriptCaches (89ms)
			SetupLoadedEditorAssemblies (622ms)
				LogAssemblyErrors (0ms)
				InitializePlatformSupportModulesInManaged (12ms)
				SetLoadedEditorAssemblies (1ms)
				RefreshPlugins (1ms)
				BeforeProcessingInitializeOnLoad (107ms)
				ProcessInitializeOnLoadAttributes (485ms)
				ProcessInitializeOnLoadMethodAttributes (11ms)
				AfterProcessingInitializeOnLoad (5ms)
				EditorAssembliesLoaded (1ms)
			ExecutionOrderSort2 (0ms)
			AwakeInstancesAfterBackupRestoration (19ms)
Platform modules already initialized, skipping
========================================================================
Worker process is ready to serve import requests
Launched and connected shader compiler UnityShaderCompiler.exe after 0.10 seconds
Refreshing native plugins compatible for Editor in 0.74 ms, found 2 plugins.
Preloading 0 native plugins for Editor in 0.00 ms.
Unloading 1441 Unused Serialized files (Serialized files now loaded: 0)
System memory in use before: 73.6 MB.
System memory in use after: 73.7 MB.

Unloading 16 unused Assets to reduce memory usage. Loaded Objects now: 1883.
Total: 5.788300 ms (FindLiveObjects: 0.220100 ms CreateObjectMapping: 0.074400 ms MarkObjects: 5.325600 ms  DeleteObjects: 0.165600 ms)

AssetImportParameters requested are different than current active one (requested -> active):
  custom:framework-win-MediaFoundation: 216162199b28c13a410421893ffa2e32 -> 
  custom:video-decoder-ogg-theora: a1e56fd34408186e4bbccfd4996cb3dc -> 
  custom:container-muxer-webm: aa71ff27fc2769a1b78a27578f13a17b -> 
  custom:container-demuxer-webm: 4f35f7cbe854078d1ac9338744f61a02 -> 
  custom:container-demuxer-ogg: 62fdf1f143b41e24485cea50d1cbac27 -> 
  custom:video-encoder-webm-vp8: eb34c28f22e8b96e1ab97ce403110664 -> 
  custom:video-decoder-webm-vp8: 9c59270c3fd7afecdb556c50c9e8de78 -> 
  custom:audio-decoder-ogg-vorbis: bf7c407c2cedff20999df2af8eb42d56 -> 
  custom:audio-encoder-webm-vorbis: bf7c407c2cedff20999df2af8eb42d56 -> 
========================================================================
Received Import Request.
  path: Assets/Invector-3rdPersonController_LITE/Invector_BasicLocomotion.unity
  artifactKey: Guid(12a4d75da2db4d3439c09e07c73a85b2) Importer(815301076,1909f56bfc062723c751e8b465ee728b)
Start importing Assets/Invector-3rdPersonController_LITE/Invector_BasicLocomotion.unity using Guid(12a4d75da2db4d3439c09e07c73a85b2) Importer(815301076,1909f56bfc062723c751e8b465ee728b)  -> (artifact id: '278796242f41ba057727769dfeee260d') in 0.033715 seconds 
  Import took 0.041784 seconds .

========================================================================
Received Import Request.
  Time since last request: 8.971116 seconds.
  path: Assets/Invector-3rdPersonController_LITE/Documentation_BasicLocomotion_LITE.pdf
  artifactKey: Guid(344dea24bd89a674891d0e66713b7551) Importer(815301076,1909f56bfc062723c751e8b465ee728b)
Start importing Assets/Invector-3rdPersonController_LITE/Documentation_BasicLocomotion_LITE.pdf using Guid(344dea24bd89a674891d0e66713b7551) Importer(815301076,1909f56bfc062723c751e8b465ee728b)  -> (artifact id: '86a5a5abd066f88793f1355f730cd41b') in 0.050536 seconds 
  Import took 0.057211 seconds .

========================================================================
Received Import Request.
  Time since last request: 24.691939 seconds.
  path: Assets/Invector-3rdPersonController_LITE
  artifactKey: Guid(dd6995473c408e54aa601dc50c42a20e) Importer(815301076,1909f56bfc062723c751e8b465ee728b)
Start importing Assets/Invector-3rdPersonController_LITE using Guid(dd6995473c408e54aa601dc50c42a20e) Importer(815301076,1909f56bfc062723c751e8b465ee728b)  -> (artifact id: 'e3c481629a5f989c955274e826e1f8bc') in 0.005265 seconds 
  Import took 0.013251 seconds .

========================================================================
Received Import Request.
  Time since last request: 7.984008 seconds.
  path: Assets/Invector-3rdPersonController_LITE/Prefabs
  artifactKey: Guid(01c87ae00567e634fa11fbb4eb55ef89) Importer(815301076,1909f56bfc062723c751e8b465ee728b)
Start importing Assets/Invector-3rdPersonController_LITE/Prefabs using Guid(01c87ae00567e634fa11fbb4eb55ef89) Importer(815301076,1909f56bfc062723c751e8b465ee728b)  -> (artifact id: 'e4b4f750f6029d94871314e1d763d5d7') in 0.007583 seconds 
  Import took 0.014912 seconds .

========================================================================
Received Prepare
Registering precompiled user dll's ...
Registered in 0.006737 seconds.
Begin MonoManager ReloadAssembly
Native extension for WindowsStandalone target not found
Refreshing native plugins compatible for Editor in 0.94 ms, found 2 plugins.
Preloading 0 native plugins for Editor in 0.00 ms.
Mono: successfully reloaded assembly
- Completed reload, in  2.881 seconds
Domain Reload Profiling:
	ReloadAssembly (2882ms)
		BeginReloadAssembly (258ms)
			ExecutionOrderSort (0ms)
			DisableScriptedObjects (11ms)
			BackupInstance (0ms)
			ReleaseScriptingObjects (0ms)
			CreateAndSetChildDomain (81ms)
		EndReloadAssembly (2456ms)
			LoadAssemblies (216ms)
			RebuildTransferFunctionScriptingTraits (0ms)
			SetupTypeCache (975ms)
			ReleaseScriptCaches (2ms)
			RebuildScriptCaches (110ms)
			SetupLoadedEditorAssemblies (839ms)
				LogAssemblyErrors (0ms)
				InitializePlatformSupportModulesInManaged (15ms)
				SetLoadedEditorAssemblies (1ms)
				RefreshPlugins (1ms)
				BeforeProcessingInitializeOnLoad (130ms)
				ProcessInitializeOnLoadAttributes (677ms)
				ProcessInitializeOnLoadMethodAttributes (8ms)
				AfterProcessingInitializeOnLoad (6ms)
				EditorAssembliesLoaded (1ms)
			ExecutionOrderSort2 (0ms)
			AwakeInstancesAfterBackupRestoration (20ms)
Platform modules already initialized, skipping
Refreshing native plugins compatible for Editor in 0.59 ms, found 2 plugins.
Preloading 0 native plugins for Editor in 0.00 ms.
Unloading 1424 Unused Serialized files (Serialized files now loaded: 0)
System memory in use before: 72.3 MB.
System memory in use after: 72.4 MB.

Unloading 11 unused Assets to reduce memory usage. Loaded Objects now: 1885.
Total: 7.037700 ms (FindLiveObjects: 0.333100 ms CreateObjectMapping: 0.125500 ms MarkObjects: 6.518400 ms  DeleteObjects: 0.056200 ms)

AssetImportParameters requested are different than current active one (requested -> active):
  custom:framework-win-MediaFoundation: 216162199b28c13a410421893ffa2e32 -> 
  custom:video-decoder-ogg-theora: a1e56fd34408186e4bbccfd4996cb3dc -> 
  custom:container-muxer-webm: aa71ff27fc2769a1b78a27578f13a17b -> 
  custom:container-demuxer-webm: 4f35f7cbe854078d1ac9338744f61a02 -> 
  custom:container-demuxer-ogg: 62fdf1f143b41e24485cea50d1cbac27 -> 
  custom:video-encoder-webm-vp8: eb34c28f22e8b96e1ab97ce403110664 -> 
  custom:video-decoder-webm-vp8: 9c59270c3fd7afecdb556c50c9e8de78 -> 
  custom:audio-decoder-ogg-vorbis: bf7c407c2cedff20999df2af8eb42d56 -> 
  custom:audio-encoder-webm-vorbis: bf7c407c2cedff20999df2af8eb42d56 -> 
========================================================================
Received Prepare
Registering precompiled user dll's ...
Registered in 0.005109 seconds.
Begin MonoManager ReloadAssembly
Native extension for WindowsStandalone target not found
Refreshing native plugins compatible for Editor in 0.87 ms, found 2 plugins.
Preloading 0 native plugins for Editor in 0.00 ms.
Mono: successfully reloaded assembly
- Completed reload, in  2.729 seconds
Domain Reload Profiling:
	ReloadAssembly (2730ms)
		BeginReloadAssembly (283ms)
			ExecutionOrderSort (0ms)
			DisableScriptedObjects (16ms)
			BackupInstance (0ms)
			ReleaseScriptingObjects (0ms)
			CreateAndSetChildDomain (74ms)
		EndReloadAssembly (2253ms)
			LoadAssemblies (255ms)
			RebuildTransferFunctionScriptingTraits (0ms)
			SetupTypeCache (732ms)
			ReleaseScriptCaches (2ms)
			RebuildScriptCaches (117ms)
			SetupLoadedEditorAssemblies (878ms)
				LogAssemblyErrors (0ms)
				InitializePlatformSupportModulesInManaged (14ms)
				SetLoadedEditorAssemblies (1ms)
				RefreshPlugins (1ms)
				BeforeProcessingInitializeOnLoad (125ms)
				ProcessInitializeOnLoadAttributes (719ms)
				ProcessInitializeOnLoadMethodAttributes (11ms)
				AfterProcessingInitializeOnLoad (5ms)
				EditorAssembliesLoaded (1ms)
			ExecutionOrderSort2 (0ms)
			AwakeInstancesAfterBackupRestoration (21ms)
Platform modules already initialized, skipping
Refreshing native plugins compatible for Editor in 0.61 ms, found 2 plugins.
Preloading 0 native plugins for Editor in 0.00 ms.
Unloading 1424 Unused Serialized files (Serialized files now loaded: 0)
System memory in use before: 72.3 MB.
System memory in use after: 72.4 MB.

Unloading 11 unused Assets to reduce memory usage. Loaded Objects now: 1887.
Total: 5.889600 ms (FindLiveObjects: 0.235100 ms CreateObjectMapping: 0.086800 ms MarkObjects: 5.474900 ms  DeleteObjects: 0.089900 ms)

AssetImportParameters requested are different than current active one (requested -> active):
  custom:framework-win-MediaFoundation: 216162199b28c13a410421893ffa2e32 -> 
  custom:video-decoder-ogg-theora: a1e56fd34408186e4bbccfd4996cb3dc -> 
  custom:container-muxer-webm: aa71ff27fc2769a1b78a27578f13a17b -> 
  custom:container-demuxer-webm: 4f35f7cbe854078d1ac9338744f61a02 -> 
  custom:container-demuxer-ogg: 62fdf1f143b41e24485cea50d1cbac27 -> 
  custom:video-encoder-webm-vp8: eb34c28f22e8b96e1ab97ce403110664 -> 
  custom:video-decoder-webm-vp8: 9c59270c3fd7afecdb556c50c9e8de78 -> 
  custom:audio-decoder-ogg-vorbis: bf7c407c2cedff20999df2af8eb42d56 -> 
  custom:audio-encoder-webm-vorbis: bf7c407c2cedff20999df2af8eb42d56 -> 
========================================================================
Received Import Request.
  Time since last request: 1803.072338 seconds.
  path: Assets/unity-chan!/Unity-chan! Model/Art/Models/BoxUnityChan.fbx
  artifactKey: Guid(d6dad0fb52ba12f458cc7ffb66882391) Importer(815301076,1909f56bfc062723c751e8b465ee728b)
Start importing Assets/unity-chan!/Unity-chan! Model/Art/Models/BoxUnityChan.fbx using Guid(d6dad0fb52ba12f458cc7ffb66882391) Importer(815301076,1909f56bfc062723c751e8b465ee728b)  -> (artifact id: '8c2320c08112d3adf8f162ef8189c276') in 1.200631 seconds 
  Import took 1.209469 seconds .

========================================================================
Received Import Request.
  Time since last request: 0.000350 seconds.
  path: Assets/unity-chan!/Unity-chan! Model/Art/Animations/unitychan_JUMP01.fbx
  artifactKey: Guid(87486f7b16eedbf4eb26567d70189058) Importer(815301076,1909f56bfc062723c751e8b465ee728b)
Start importing Assets/unity-chan!/Unity-chan! Model/Art/Animations/unitychan_JUMP01.fbx using Guid(87486f7b16eedbf4eb26567d70189058) Importer(815301076,1909f56bfc062723c751e8b465ee728b)  -> (artifact id: '2dfa34ce511040b20c04a3534aaa1d92') in 0.142224 seconds 
  Import took 0.150759 seconds .

========================================================================
Received Import Request.
  Time since last request: 0.000467 seconds.
  path: Assets/Invector-3rdPersonController_LITE/3D Models/Textures/prototype_textures/Materials/carbon.mat
  artifactKey: Guid(50ac9aaf650337544b871e557fa095ca) Importer(815301076,1909f56bfc062723c751e8b465ee728b)
Start importing Assets/Invector-3rdPersonController_LITE/3D Models/Textures/prototype_textures/Materials/carbon.mat using Guid(50ac9aaf650337544b871e557fa095ca) Importer(815301076,1909f56bfc062723c751e8b465ee728b)  -> (artifact id: '354a7bde2f478aae19c9d00fb2ed8deb') in 0.561483 seconds 
  Import took 0.566148 seconds .

========================================================================
Received Import Request.
  Time since last request: 0.000372 seconds.
  path: Assets/Invector-3rdPersonController_LITE/3D Models/Textures/basicTextures/Materials/blockIcon.mat
  artifactKey: Guid(bfbb0dc28d099374ea54992d9c8b94a6) Importer(815301076,1909f56bfc062723c751e8b465ee728b)
Start importing Assets/Invector-3rdPersonController_LITE/3D Models/Textures/basicTextures/Materials/blockIcon.mat using Guid(bfbb0dc28d099374ea54992d9c8b94a6) Importer(815301076,1909f56bfc062723c751e8b465ee728b)  -> (artifact id: '89c0094291e81bd0f9c8248d91b50529') in 0.439065 seconds 
  Import took 0.442495 seconds .

========================================================================
Received Import Request.
  Time since last request: 0.000425 seconds.
  path: Assets/unity-chan!/Unity-chan! Model/Art/Materials/eyeline.mat
  artifactKey: Guid(407f97b032a277c44b753ed1c256a3b8) Importer(815301076,1909f56bfc062723c751e8b465ee728b)
Start importing Assets/unity-chan!/Unity-chan! Model/Art/Materials/eyeline.mat using Guid(407f97b032a277c44b753ed1c256a3b8) Importer(815301076,1909f56bfc062723c751e8b465ee728b)  -> (artifact id: '18b9128bbb0ae5b069fac97ee4d9c11c') in 0.043408 seconds 
  Import took 0.047848 seconds .

========================================================================
Received Import Request.
  Time since last request: 0.000621 seconds.
  path: Assets/unity-chan!/Unity-chan! Model/Art/Animations/unitychan_WALK00_B.fbx
  artifactKey: Guid(20fd7934e77f68e4983c9c0fe97c7117) Importer(815301076,1909f56bfc062723c751e8b465ee728b)
Start importing Assets/unity-chan!/Unity-chan! Model/Art/Animations/unitychan_WALK00_B.fbx using Guid(20fd7934e77f68e4983c9c0fe97c7117) Importer(815301076,1909f56bfc062723c751e8b465ee728b)  -> (artifact id: 'ec761d898d5ba0888c2b927e5afa5922') in 0.158897 seconds 
  Import took 0.165896 seconds .

========================================================================
Received Import Request.
  Time since last request: 0.000470 seconds.
  path: Assets/unity-chan!/Unity-chan! Model/Art/Animations/unitychan_LOSE00.fbx
  artifactKey: Guid(c7df2ec8d896a4a15abc7636d440631b) Importer(815301076,1909f56bfc062723c751e8b465ee728b)
Start importing Assets/unity-chan!/Unity-chan! Model/Art/Animations/unitychan_LOSE00.fbx using Guid(c7df2ec8d896a4a15abc7636d440631b) Importer(815301076,1909f56bfc062723c751e8b465ee728b)  -> (artifact id: '2996a227c03849aaea190bae6cac0efc') in 0.147330 seconds 
  Import took 0.154181 seconds .

========================================================================
Received Import Request.
  Time since last request: 0.000548 seconds.
  path: Assets/unity-chan!/Unity-chan! Model/Art/Animations/unitychan_WIN00.fbx
  artifactKey: Guid(e2538d48c03da46a8b0c3b59d39a4cab) Importer(815301076,1909f56bfc062723c751e8b465ee728b)
Start importing Assets/unity-chan!/Unity-chan! Model/Art/Animations/unitychan_WIN00.fbx using Guid(e2538d48c03da46a8b0c3b59d39a4cab) Importer(815301076,1909f56bfc062723c751e8b465ee728b)  -> (artifact id: '3e500fbbf85ce2de69a57961e409c1c7') in 0.149874 seconds 
  Import took 0.157011 seconds .

========================================================================
Received Import Request.
  Time since last request: 0.000649 seconds.
  path: Assets/unity-chan!/Unity-chan! Model/Art/Animations/unitychan_WALK00_R.fbx
  artifactKey: Guid(dbc663f7e83140241a679da3ca9063b7) Importer(815301076,1909f56bfc062723c751e8b465ee728b)
Start importing Assets/unity-chan!/Unity-chan! Model/Art/Animations/unitychan_WALK00_R.fbx using Guid(dbc663f7e83140241a679da3ca9063b7) Importer(815301076,1909f56bfc062723c751e8b465ee728b)  -> (artifact id: '3d9d7bb0ff85a0a3a6fcd83f9381ec12') in 0.162875 seconds 
  Import took 0.169632 seconds .

========================================================================
Received Import Request.
  Time since last request: 0.000577 seconds.
  path: Assets/unity-chan!/Unity-chan! Model/Art/Animations/unitychan_HANDUP00_R.fbx
  artifactKey: Guid(84ce5ea31570e6b4ca2949b8fe13ee42) Importer(815301076,1909f56bfc062723c751e8b465ee728b)
Start importing Assets/unity-chan!/Unity-chan! Model/Art/Animations/unitychan_HANDUP00_R.fbx using Guid(84ce5ea31570e6b4ca2949b8fe13ee42) Importer(815301076,1909f56bfc062723c751e8b465ee728b)  -> (artifact id: 'f4a4733c6939683d32fa8a9fe412cfc7') in 0.151824 seconds 
  Import took 0.159345 seconds .

========================================================================
Received Import Request.
  Time since last request: 0.000686 seconds.
  path: Assets/unity-chan!/Unity-chan! Model/Art/Models/unitychan.fbx
  artifactKey: Guid(8f0565f23a2b58541a475bd3c1393052) Importer(815301076,1909f56bfc062723c751e8b465ee728b)
Start importing Assets/unity-chan!/Unity-chan! Model/Art/Models/unitychan.fbx using Guid(8f0565f23a2b58541a475bd3c1393052) Importer(815301076,1909f56bfc062723c751e8b465ee728b)  -> (artifact id: '2d47e1bef8e19a130ce8d5e4f30817f0') in 0.403478 seconds 
  Import took 0.411357 seconds .

========================================================================
Received Import Request.
  Time since last request: 0.000356 seconds.
  path: Assets/unity-chan!/Unity-chan! Model/Art/UnityChanShader/Materials/eyeline.mat
  artifactKey: Guid(7bac98231102243919a4534a06cc74ba) Importer(815301076,1909f56bfc062723c751e8b465ee728b)
Start importing Assets/unity-chan!/Unity-chan! Model/Art/UnityChanShader/Materials/eyeline.mat using Guid(7bac98231102243919a4534a06cc74ba) Importer(815301076,1909f56bfc062723c751e8b465ee728b)  -> (artifact id: '88adda7dce1542333aeb700b7a9ec86b') in 0.038533 seconds 
  Import took 0.043431 seconds .

========================================================================
Received Import Request.
  Time since last request: 0.000410 seconds.
  path: Assets/FreeMountain/Skybox/Free_skybox.mat
  artifactKey: Guid(4468cf691a0d9e74183ca9beb3c7c990) Importer(815301076,1909f56bfc062723c751e8b465ee728b)
Start importing Assets/FreeMountain/Skybox/Free_skybox.mat using Guid(4468cf691a0d9e74183ca9beb3c7c990) Importer(815301076,1909f56bfc062723c751e8b465ee728b)  -> (artifact id: 'b87f1229946550683a55e6091d69430a') in 0.238831 seconds 
  Import took 0.242097 seconds .

========================================================================
Received Import Request.
  Time since last request: 0.000518 seconds.
  path: Assets/HQ_BigRock/ModelAndTextures/HQBigRock_mtl.mat
  artifactKey: Guid(1fdf8494b43ce334997f1aa79d5de74d) Importer(815301076,1909f56bfc062723c751e8b465ee728b)
Start importing Assets/HQ_BigRock/ModelAndTextures/HQBigRock_mtl.mat using Guid(1fdf8494b43ce334997f1aa79d5de74d) Importer(815301076,1909f56bfc062723c751e8b465ee728b)  -> (artifact id: '596bca2234bc88e1f2d4f04cf6558618') in 0.057369 seconds 
  Import took 0.062861 seconds .

========================================================================
Received Import Request.
  Time since last request: 0.000344 seconds.
  path: Assets/unity-chan!/Unity-chan! Model/Art/UnityChanShader/Materials/body.mat
  artifactKey: Guid(3b399c72488294c53b66f39632a8fe8b) Importer(815301076,1909f56bfc062723c751e8b465ee728b)
Start importing Assets/unity-chan!/Unity-chan! Model/Art/UnityChanShader/Materials/body.mat using Guid(3b399c72488294c53b66f39632a8fe8b) Importer(815301076,1909f56bfc062723c751e8b465ee728b)  -> (artifact id: '9bb897b377e5cb7e11dcb8a2c4218dd3') in 0.029573 seconds 
  Import took 0.034937 seconds .

========================================================================
Received Import Request.
  Time since last request: 0.000399 seconds.
  path: Assets/unity-chan!/Unity-chan! Model/Art/Materials/eyebase.mat
  artifactKey: Guid(9bec51fc47eda6047ba5cc01addbf46f) Importer(815301076,1909f56bfc062723c751e8b465ee728b)
Start importing Assets/unity-chan!/Unity-chan! Model/Art/Materials/eyebase.mat using Guid(9bec51fc47eda6047ba5cc01addbf46f) Importer(815301076,1909f56bfc062723c751e8b465ee728b)  -> (artifact id: '5d89ab66db43c56b16a2763d231cf195') in 0.020325 seconds 
  Import took 0.025156 seconds .

========================================================================
Received Import Request.
  Time since last request: 0.000374 seconds.
  path: Assets/unity-chan!/Unity-chan! Model/Art/Animations/unitychan_DAMAGED01.fbx
  artifactKey: Guid(c895dff4365ad4506ab680fdc4a0afb8) Importer(815301076,1909f56bfc062723c751e8b465ee728b)
Start importing Assets/unity-chan!/Unity-chan! Model/Art/Animations/unitychan_DAMAGED01.fbx using Guid(c895dff4365ad4506ab680fdc4a0afb8) Importer(815301076,1909f56bfc062723c751e8b465ee728b)  -> (artifact id: '99add30ed039717975186c094980bb9b') in 0.167264 seconds 
  Import took 0.174365 seconds .

========================================================================
Received Import Request.
  Time since last request: 0.000580 seconds.
  path: Assets/unity-chan!/Unity-chan! Model/Art/Animations/unitychan_WAIT00.fbx
  artifactKey: Guid(0147e212f97e3d449a4b9e4f5d057180) Importer(815301076,1909f56bfc062723c751e8b465ee728b)
Start importing Assets/unity-chan!/Unity-chan! Model/Art/Animations/unitychan_WAIT00.fbx using Guid(0147e212f97e3d449a4b9e4f5d057180) Importer(815301076,1909f56bfc062723c751e8b465ee728b)  -> (artifact id: '651793ede5d55b17b98ec3055f85a224') in 0.119276 seconds 
  Import took 0.127006 seconds .

========================================================================
Received Import Request.
  Time since last request: 0.000687 seconds.
  path: Assets/unity-chan!/Unity-chan! Model/Art/Animations/unitychan_UMATOBI00.fbx
  artifactKey: Guid(8bf916c92a6742d4ea62fd210c3fd0e6) Importer(815301076,1909f56bfc062723c751e8b465ee728b)
Start importing Assets/unity-chan!/Unity-chan! Model/Art/Animations/unitychan_UMATOBI00.fbx using Guid(8bf916c92a6742d4ea62fd210c3fd0e6) Importer(815301076,1909f56bfc062723c751e8b465ee728b)  -> (artifact id: 'abb73d1c494e48aabf071fbbc7f85eae') in 0.116424 seconds 
  Import took 0.123436 seconds .

========================================================================
Received Import Request.
  Time since last request: 0.000473 seconds.
  path: Assets/unity-chan!/Unity-chan! Model/Art/Animations/unitychan_WAIT01.fbx
  artifactKey: Guid(1e79f5e733df84044a45d6ab05035627) Importer(815301076,1909f56bfc062723c751e8b465ee728b)
Start importing Assets/unity-chan!/Unity-chan! Model/Art/Animations/unitychan_WAIT01.fbx using Guid(1e79f5e733df84044a45d6ab05035627) Importer(815301076,1909f56bfc062723c751e8b465ee728b)  -> (artifact id: '9f0dbe20cfcc6c05ccff60dd60217708') in 0.146696 seconds 
  Import took 0.154322 seconds .

========================================================================
Received Import Request.
  Time since last request: 0.000622 seconds.
  path: Assets/Invector-3rdPersonController_LITE/Resources/BebasKai-Regular.otf
  artifactKey: Guid(a8f74dbf0f81e504bbbdf3f6063e1047) Importer(815301076,1909f56bfc062723c751e8b465ee728b)
Start importing Assets/Invector-3rdPersonController_LITE/Resources/BebasKai-Regular.otf using Guid(a8f74dbf0f81e504bbbdf3f6063e1047) Importer(815301076,1909f56bfc062723c751e8b465ee728b)  -> (artifact id: '6ffc48587e7901f65745a51270de973c') in 0.061163 seconds 
  Import took 0.066403 seconds .

========================================================================
Received Import Request.
  Time since last request: 0.000564 seconds.
  path: Assets/unity-chan!/Unity-chan! Model/Art/Animations/unitychan_WALK00_F.fbx
  artifactKey: Guid(e52be2fa48716194ea1d9d76686005f8) Importer(815301076,1909f56bfc062723c751e8b465ee728b)
Start importing Assets/unity-chan!/Unity-chan! Model/Art/Animations/unitychan_WALK00_F.fbx using Guid(e52be2fa48716194ea1d9d76686005f8) Importer(815301076,1909f56bfc062723c751e8b465ee728b)  -> (artifact id: '633f0b6722642c864737bfbb5aca5227') in 0.109364 seconds 
  Import took 0.116913 seconds .

========================================================================
Received Import Request.
  Time since last request: 0.000608 seconds.
  path: Assets/Invector-3rdPersonController_LITE/3D Models/Others/HealthItem/Materials/health-01.mat
  artifactKey: Guid(f31f0391f259cfb41a4980938a35740b) Importer(815301076,1909f56bfc062723c751e8b465ee728b)
Start importing Assets/Invector-3rdPersonController_LITE/3D Models/Others/HealthItem/Materials/health-01.mat using Guid(f31f0391f259cfb41a4980938a35740b) Importer(815301076,1909f56bfc062723c751e8b465ee728b)  -> (artifact id: 'd896bff25dbff23a18c1dd3a5d3078f3') in 0.016341 seconds 
  Import took 0.021754 seconds .

========================================================================
Received Import Request.
  Time since last request: 0.000476 seconds.
  path: Assets/unity-chan!/Unity-chan! Model/Art/Animations/unitychan_REFLESH00.fbx
  artifactKey: Guid(842226a6a478847f9b6f5c746ae1cb95) Importer(815301076,1909f56bfc062723c751e8b465ee728b)
Start importing Assets/unity-chan!/Unity-chan! Model/Art/Animations/unitychan_REFLESH00.fbx using Guid(842226a6a478847f9b6f5c746ae1cb95) Importer(815301076,1909f56bfc062723c751e8b465ee728b)  -> (artifact id: 'd0ce71ccfaa54a0d052bf994b94dac23') in 0.129908 seconds 
  Import took 0.137413 seconds .

========================================================================
Received Import Request.
  Time since last request: 0.000748 seconds.
  path: Assets/unity-chan!/Unity-chan! Model/Art/Materials/eye_R1.mat
  artifactKey: Guid(a87def7cf3654cc43add52e645fee2ce) Importer(815301076,1909f56bfc062723c751e8b465ee728b)
Start importing Assets/unity-chan!/Unity-chan! Model/Art/Materials/eye_R1.mat using Guid(a87def7cf3654cc43add52e645fee2ce) Importer(815301076,1909f56bfc062723c751e8b465ee728b)  -> (artifact id: 'b4db5fe42d10a3dce402765deb592d75') in 0.016272 seconds 
  Import took 0.020837 seconds .

========================================================================
Received Import Request.
  Time since last request: 0.000300 seconds.
  path: Assets/unity-chan!/Unity-chan! Model/Art/Materials/hair.mat
  artifactKey: Guid(5ebb6caef8207d243a588a574971408c) Importer(815301076,1909f56bfc062723c751e8b465ee728b)
Start importing Assets/unity-chan!/Unity-chan! Model/Art/Materials/hair.mat using Guid(5ebb6caef8207d243a588a574971408c) Importer(815301076,1909f56bfc062723c751e8b465ee728b)  -> (artifact id: '9b33b04b19e95ed8257aaa6145ccbbd3') in 0.023780 seconds 
  Import took 0.029110 seconds .

========================================================================
Received Import Request.
  Time since last request: 0.000638 seconds.
  path: Assets/unity-chan!/Unity-chan! Model/Art/Materials/eye_L1.mat
  artifactKey: Guid(4987862c1c195e74c86994ba4bcbd812) Importer(815301076,1909f56bfc062723c751e8b465ee728b)
Start importing Assets/unity-chan!/Unity-chan! Model/Art/Materials/eye_L1.mat using Guid(4987862c1c195e74c86994ba4bcbd812) Importer(815301076,1909f56bfc062723c751e8b465ee728b)  -> (artifact id: '9768f64683c917525d261b3c3c5d2663') in 0.016664 seconds 
  Import took 0.022127 seconds .

========================================================================
Received Import Request.
  Time since last request: 0.000534 seconds.
  path: Assets/unity-chan!/Unity-chan! Model/Art/Animations/unitychan_JUMP01B.fbx
  artifactKey: Guid(c49b7faf71cf048418fe526d8e233c8e) Importer(815301076,1909f56bfc062723c751e8b465ee728b)
Start importing Assets/unity-chan!/Unity-chan! Model/Art/Animations/unitychan_JUMP01B.fbx using Guid(c49b7faf71cf048418fe526d8e233c8e) Importer(815301076,1909f56bfc062723c751e8b465ee728b)  -> (artifact id: '286f4b9e04fe63f5dc7e9ec1d53e6d8c') in 0.116449 seconds 
  Import took 0.122411 seconds .

========================================================================
Received Import Request.
  Time since last request: 0.000365 seconds.
  path: Assets/unity-chan!/Unity-chan! Model/Art/Animations/unitychan_RUN00_L.fbx
  artifactKey: Guid(dc7b7dc0360ab494ea2e7625162c6ca3) Importer(815301076,1909f56bfc062723c751e8b465ee728b)
Start importing Assets/unity-chan!/Unity-chan! Model/Art/Animations/unitychan_RUN00_L.fbx using Guid(dc7b7dc0360ab494ea2e7625162c6ca3) Importer(815301076,1909f56bfc062723c751e8b465ee728b)  -> (artifact id: 'd1977ba109043b9d1be7fd9abace31ec') in 0.117194 seconds 
  Import took 0.123731 seconds .

========================================================================
Received Import Request.
  Time since last request: 0.000721 seconds.
  path: Assets/Invector-3rdPersonController_LITE/3D Models/Others/basicSky.mat
  artifactKey: Guid(5c82f5860bd4ab14f9ee7842f7f7e6e2) Importer(815301076,1909f56bfc062723c751e8b465ee728b)
Start importing Assets/Invector-3rdPersonController_LITE/3D Models/Others/basicSky.mat using Guid(5c82f5860bd4ab14f9ee7842f7f7e6e2) Importer(815301076,1909f56bfc062723c751e8b465ee728b)  -> (artifact id: '2eeaa85de35f03beb62fca101d65fd5c') in 0.182615 seconds 
  Import took 0.188205 seconds .

========================================================================
Received Import Request.
  Time since last request: 0.000494 seconds.
  path: Assets/unity-chan!/Unity-chan! Model/Art/Materials/body.mat
  artifactKey: Guid(bb570020a8c3bad4bbf803af20e78937) Importer(815301076,1909f56bfc062723c751e8b465ee728b)
Start importing Assets/unity-chan!/Unity-chan! Model/Art/Materials/body.mat using Guid(bb570020a8c3bad4bbf803af20e78937) Importer(815301076,1909f56bfc062723c751e8b465ee728b)  -> (artifact id: 'd878e655617265cdcb38faa2543b85a1') in 0.037891 seconds 
  Import took 0.042530 seconds .

========================================================================
Received Import Request.
  Time since last request: 0.000503 seconds.
  path: Assets/unity-chan!/Unity-chan! Model/Art/UnityChanShader/Materials/eye_R1.mat
  artifactKey: Guid(f37e71293707f43b9b83c1925ad01bd7) Importer(815301076,1909f56bfc062723c751e8b465ee728b)
Start importing Assets/unity-chan!/Unity-chan! Model/Art/UnityChanShader/Materials/eye_R1.mat using Guid(f37e71293707f43b9b83c1925ad01bd7) Importer(815301076,1909f56bfc062723c751e8b465ee728b)  -> (artifact id: '6d416580aa575e725061cce32e713e6d') in 0.032632 seconds 
  Import took 0.038341 seconds .

========================================================================
Received Import Request.
  Time since last request: 0.000553 seconds.
  path: Assets/unity-chan!/Unity-chan! Model/Art/Animations/unitychan_SLIDE00.fbx
  artifactKey: Guid(a3657ebe445392e44a81a7b112b9cf0c) Importer(815301076,1909f56bfc062723c751e8b465ee728b)
Start importing Assets/unity-chan!/Unity-chan! Model/Art/Animations/unitychan_SLIDE00.fbx using Guid(a3657ebe445392e44a81a7b112b9cf0c) Importer(815301076,1909f56bfc062723c751e8b465ee728b)  -> (artifact id: '862b1c8b84e28cb04a2db2b7290db07e') in 0.140083 seconds 
  Import took 0.147267 seconds .

========================================================================
Received Import Request.
  Time since last request: 0.000669 seconds.
  path: Assets/unity-chan!/Unity-chan! Model/Art/Animations/unitychan_JUMP00.fbx
  artifactKey: Guid(ac75d16809dc0054d8e3449e7ba665f2) Importer(815301076,1909f56bfc062723c751e8b465ee728b)
Start importing Assets/unity-chan!/Unity-chan! Model/Art/Animations/unitychan_JUMP00.fbx using Guid(ac75d16809dc0054d8e3449e7ba665f2) Importer(815301076,1909f56bfc062723c751e8b465ee728b)  -> (artifact id: '435e7624e4ef100be5594f3aec8a5ddb') in 0.123398 seconds 
  Import took 0.130873 seconds .

========================================================================
Received Import Request.
  Time since last request: 0.000797 seconds.
  path: Assets/Invector-3rdPersonController_LITE/Resources/Materials/comparacao.mat
  artifactKey: Guid(04b9b14418e313f42ad7108f4d334925) Importer(815301076,1909f56bfc062723c751e8b465ee728b)
Start importing Assets/Invector-3rdPersonController_LITE/Resources/Materials/comparacao.mat using Guid(04b9b14418e313f42ad7108f4d334925) Importer(815301076,1909f56bfc062723c751e8b465ee728b)  -> (artifact id: 'e90f63229aa45278680b406ca664ee82') in 0.033397 seconds 
  Import took 0.038601 seconds .

========================================================================
Received Import Request.
  Time since last request: 0.000438 seconds.
  path: Assets/unity-chan!/Unity-chan! Model/Art/UnityChanShader/Materials/hair.mat
  artifactKey: Guid(0686b679809f14929a8d7f427cbb4da3) Importer(815301076,1909f56bfc062723c751e8b465ee728b)
Start importing Assets/unity-chan!/Unity-chan! Model/Art/UnityChanShader/Materials/hair.mat using Guid(0686b679809f14929a8d7f427cbb4da3) Importer(815301076,1909f56bfc062723c751e8b465ee728b)  -> (artifact id: '86c3bcfceadf4770c322089469ad071b') in 0.021164 seconds 
  Import took 0.025679 seconds .

========================================================================
Received Import Request.
  Time since last request: 0.000271 seconds.
  path: Assets/Invector-3rdPersonController_LITE/3D Models/Textures/prototype_textures/blue_floor_Tiled 1.mat
  artifactKey: Guid(50379933e8dbabe4eb6d36e41aec0185) Importer(815301076,1909f56bfc062723c751e8b465ee728b)
Start importing Assets/Invector-3rdPersonController_LITE/3D Models/Textures/prototype_textures/blue_floor_Tiled 1.mat using Guid(50379933e8dbabe4eb6d36e41aec0185) Importer(815301076,1909f56bfc062723c751e8b465ee728b)  -> (artifact id: 'b539f3a3565f56a620a654c2daf12eac') in 0.256647 seconds 
  Import took 0.262295 seconds .

========================================================================
Received Import Request.
  Time since last request: 0.000622 seconds.
  path: Assets/Invector-3rdPersonController_LITE/3D Models/Textures/basicTextures/Materials/frameborder_b.mat
  artifactKey: Guid(f91d154d1ec8a964c91dd471c684ecc9) Importer(815301076,1909f56bfc062723c751e8b465ee728b)
Start importing Assets/Invector-3rdPersonController_LITE/3D Models/Textures/basicTextures/Materials/frameborder_b.mat using Guid(f91d154d1ec8a964c91dd471c684ecc9) Importer(815301076,1909f56bfc062723c751e8b465ee728b)  -> (artifact id: 'c8df31b143fd71f78fe8d12dfc15f148') in 0.046051 seconds 
  Import took 0.051486 seconds .

========================================================================
Received Import Request.
  Time since last request: 0.000387 seconds.
  path: Assets/Invector-3rdPersonController_LITE/3D Models/Textures/prototype_textures/Materials/carbon2.mat
  artifactKey: Guid(fdcb5d92a21150a46b75fd32ed28c8be) Importer(815301076,1909f56bfc062723c751e8b465ee728b)
Start importing Assets/Invector-3rdPersonController_LITE/3D Models/Textures/prototype_textures/Materials/carbon2.mat using Guid(fdcb5d92a21150a46b75fd32ed28c8be) Importer(815301076,1909f56bfc062723c751e8b465ee728b)  -> (artifact id: '75af040f25eb3e886c0af64378150688') in 0.020573 seconds 
  Import took 0.025518 seconds .

========================================================================
Received Import Request.
  Time since last request: 0.000472 seconds.
  path: Assets/Invector-3rdPersonController_LITE/3D Models/Characters/Invector@V-Bot 2.0/Material/Custom/Body.mat
  artifactKey: Guid(2fccb76f588d4d749928713d38489484) Importer(815301076,1909f56bfc062723c751e8b465ee728b)
Start importing Assets/Invector-3rdPersonController_LITE/3D Models/Characters/Invector@V-Bot 2.0/Material/Custom/Body.mat using Guid(2fccb76f588d4d749928713d38489484) Importer(815301076,1909f56bfc062723c751e8b465ee728b)  -> (artifact id: '3f0425d75df68dbba7e3ecb6eec93966') in 0.461318 seconds 
  Import took 0.467489 seconds .

========================================================================
Received Import Request.
  Time since last request: 0.000487 seconds.
  path: Assets/Invector-3rdPersonController_LITE/3D Models/Others/HealthItem/Materials/health-02.mat
  artifactKey: Guid(1beaec239d93b834d8276eee2627b4b0) Importer(815301076,1909f56bfc062723c751e8b465ee728b)
Start importing Assets/Invector-3rdPersonController_LITE/3D Models/Others/HealthItem/Materials/health-02.mat using Guid(1beaec239d93b834d8276eee2627b4b0) Importer(815301076,1909f56bfc062723c751e8b465ee728b)  -> (artifact id: '42da155fc76bcf6fe6f85dcd82ee2c88') in 0.023317 seconds 
  Import took 0.028764 seconds .

========================================================================
Received Import Request.
  Time since last request: 0.000548 seconds.
  path: Assets/unity-chan!/Unity-chan! Model/Art/Animations/unitychan_WALK00_L.fbx
  artifactKey: Guid(564ea08c07b9a764d8be6f0bbdddfc1c) Importer(815301076,1909f56bfc062723c751e8b465ee728b)
Start importing Assets/unity-chan!/Unity-chan! Model/Art/Animations/unitychan_WALK00_L.fbx using Guid(564ea08c07b9a764d8be6f0bbdddfc1c) Importer(815301076,1909f56bfc062723c751e8b465ee728b)  -> (artifact id: '71e0cf108ddcbc1f91ba37a53c06c4b3') in 0.180732 seconds 
  Import took 0.188084 seconds .

========================================================================
Received Import Request.
  Time since last request: 0.000662 seconds.
  path: Assets/Invector-3rdPersonController_LITE/3D Models/Others/cube difuse.mat
  artifactKey: Guid(33ac8f6306630e44f821bb8ae4fcff46) Importer(815301076,1909f56bfc062723c751e8b465ee728b)
Start importing Assets/Invector-3rdPersonController_LITE/3D Models/Others/cube difuse.mat using Guid(33ac8f6306630e44f821bb8ae4fcff46) Importer(815301076,1909f56bfc062723c751e8b465ee728b)  -> (artifact id: '7810da02bdf8b730d8681678edf68ee6') in 0.038381 seconds 
  Import took 0.044785 seconds .

========================================================================
Received Import Request.
  Time since last request: 0.000657 seconds.
  path: Assets/Invector-3rdPersonController_LITE/3D Models/Textures/prototype_textures/Materials/door_red.mat
  artifactKey: Guid(c841a4b6377992b4d90549386c0ecb64) Importer(815301076,1909f56bfc062723c751e8b465ee728b)
Start importing Assets/Invector-3rdPersonController_LITE/3D Models/Textures/prototype_textures/Materials/door_red.mat using Guid(c841a4b6377992b4d90549386c0ecb64) Importer(815301076,1909f56bfc062723c751e8b465ee728b)  -> (artifact id: '245e32ebcf4491126f477128003fb018') in 0.220887 seconds 
  Import took 0.224838 seconds .

========================================================================
Received Import Request.
  Time since last request: 0.000520 seconds.
  path: Assets/Invector-3rdPersonController_LITE/Resources/Materials/basicLogo.mat
  artifactKey: Guid(95e8ddafe35d7fa489f1b9ef6bb570d8) Importer(815301076,1909f56bfc062723c751e8b465ee728b)
Start importing Assets/Invector-3rdPersonController_LITE/Resources/Materials/basicLogo.mat using Guid(95e8ddafe35d7fa489f1b9ef6bb570d8) Importer(815301076,1909f56bfc062723c751e8b465ee728b)  -> (artifact id: 'f731de624ed3e473593a55ab1def8adb') in 0.204146 seconds 
  Import took 0.208651 seconds .

========================================================================
Received Import Request.
  Time since last request: 0.000679 seconds.
  path: Assets/Invector-3rdPersonController_LITE/3D Models/Others/Materials/blue_cube_simple.mat
  artifactKey: Guid(b9c988e3a01f8a34f8cf350e4f566def) Importer(815301076,1909f56bfc062723c751e8b465ee728b)
Start importing Assets/Invector-3rdPersonController_LITE/3D Models/Others/Materials/blue_cube_simple.mat using Guid(b9c988e3a01f8a34f8cf350e4f566def) Importer(815301076,1909f56bfc062723c751e8b465ee728b)  -> (artifact id: 'da0131f7afa4762bc9fbc99de7271a9a') in 0.311825 seconds 
  Import took 0.317889 seconds .

========================================================================
Received Import Request.
  Time since last request: 0.000409 seconds.
  path: Assets/unity-chan!/Unity-chan! Model/Art/UnityChanShader/Materials/eyebase.mat
  artifactKey: Guid(c7d8484a18b294b4ea192d6a82f2e0d5) Importer(815301076,1909f56bfc062723c751e8b465ee728b)
Start importing Assets/unity-chan!/Unity-chan! Model/Art/UnityChanShader/Materials/eyebase.mat using Guid(c7d8484a18b294b4ea192d6a82f2e0d5) Importer(815301076,1909f56bfc062723c751e8b465ee728b)  -> (artifact id: '11e6a346108ce7f7aaa17078165fbc6c') in 0.019731 seconds 
  Import took 0.023942 seconds .

========================================================================
Received Import Request.
  Time since last request: 0.000462 seconds.
  path: Assets/unity-chan!/Unity-chan! Model/Art/Animations/unitychan_RUN00_R.fbx
  artifactKey: Guid(ffe87c9e4c26d174b8df06771ce447bf) Importer(815301076,1909f56bfc062723c751e8b465ee728b)
Start importing Assets/unity-chan!/Unity-chan! Model/Art/Animations/unitychan_RUN00_R.fbx using Guid(ffe87c9e4c26d174b8df06771ce447bf) Importer(815301076,1909f56bfc062723c751e8b465ee728b)  -> (artifact id: '57fff1e7891021743e72002d99489ff9') in 0.158862 seconds 
  Import took 0.164870 seconds .

========================================================================
Received Import Request.
  Time since last request: 0.000553 seconds.
  path: Assets/unity-chan!/Unity-chan! Model/Art/Materials/face.mat
  artifactKey: Guid(4d83bd267b90e934e88637afcd02cb8a) Importer(815301076,1909f56bfc062723c751e8b465ee728b)
Start importing Assets/unity-chan!/Unity-chan! Model/Art/Materials/face.mat using Guid(4d83bd267b90e934e88637afcd02cb8a) Importer(815301076,1909f56bfc062723c751e8b465ee728b)  -> (artifact id: '939c6713bf8558ed87837ec0200c9f02') in 0.035683 seconds 
  Import took 0.041791 seconds .

========================================================================
Received Import Request.
  Time since last request: 0.000579 seconds.
  path: Assets/Invector-3rdPersonController_LITE/Resources/Reckoner.ttf
  artifactKey: Guid(6d5f66926f86d304eadada78d16964b0) Importer(815301076,1909f56bfc062723c751e8b465ee728b)
Start importing Assets/Invector-3rdPersonController_LITE/Resources/Reckoner.ttf using Guid(6d5f66926f86d304eadada78d16964b0) Importer(815301076,1909f56bfc062723c751e8b465ee728b)  -> (artifact id: '5f6a7b0d861a6482ae7e666dcc4be6b7') in 0.040925 seconds 
  Import took 0.046658 seconds .

========================================================================
Received Import Request.
  Time since last request: 0.000500 seconds.
  path: Assets/unity-chan!/Unity-chan! Model/Art/Animations/unitychan_WAIT03.fbx
  artifactKey: Guid(f98ead48d3193eb43a7839c6847a5b13) Importer(815301076,1909f56bfc062723c751e8b465ee728b)
Start importing Assets/unity-chan!/Unity-chan! Model/Art/Animations/unitychan_WAIT03.fbx using Guid(f98ead48d3193eb43a7839c6847a5b13) Importer(815301076,1909f56bfc062723c751e8b465ee728b)  -> (artifact id: '433ec1e62760faee6a3012c00c2b3d67') in 0.141613 seconds 
  Import took 0.148494 seconds .

========================================================================
Received Import Request.
  Time since last request: 0.000572 seconds.
  path: Assets/Invector-3rdPersonController_LITE/3D Models/Others/Materials/blue_floor_Tiled.mat
  artifactKey: Guid(b5318195f3001224f8d89ed125cd996b) Importer(815301076,1909f56bfc062723c751e8b465ee728b)
Start importing Assets/Invector-3rdPersonController_LITE/3D Models/Others/Materials/blue_floor_Tiled.mat using Guid(b5318195f3001224f8d89ed125cd996b) Importer(815301076,1909f56bfc062723c751e8b465ee728b)  -> (artifact id: '60fb7ce04ed9ac3016b5d49d36547cc6') in 0.019790 seconds 
  Import took 0.024735 seconds .

========================================================================
Received Import Request.
  Time since last request: 0.000439 seconds.
  path: Assets/unity-chan!/Unity-chan! Model/Art/Animations/unitychan_WAIT04.fbx
  artifactKey: Guid(685e1a7587d604fd8a8a0a56834063bb) Importer(815301076,1909f56bfc062723c751e8b465ee728b)
Start importing Assets/unity-chan!/Unity-chan! Model/Art/Animations/unitychan_WAIT04.fbx using Guid(685e1a7587d604fd8a8a0a56834063bb) Importer(815301076,1909f56bfc062723c751e8b465ee728b)  -> (artifact id: '6a6600dad14214d0c2a6b095ec54a8fe') in 0.147457 seconds 
  Import took 0.154071 seconds .

========================================================================
Received Import Request.
  Time since last request: 0.000428 seconds.
  path: Assets/Invector-3rdPersonController_LITE/3D Models/Textures/prototype_textures/Materials/door_blue.mat
  artifactKey: Guid(d4d77923774cd9e468e6a23187133f18) Importer(815301076,1909f56bfc062723c751e8b465ee728b)
Start importing Assets/Invector-3rdPersonController_LITE/3D Models/Textures/prototype_textures/Materials/door_blue.mat using Guid(d4d77923774cd9e468e6a23187133f18) Importer(815301076,1909f56bfc062723c751e8b465ee728b)  -> (artifact id: '236e5e0ed89a6cefddc477cf2b5f677c') in 0.020652 seconds 
  Import took 0.026160 seconds .

========================================================================
Received Import Request.
  Time since last request: 0.000343 seconds.
  path: Assets/Invector-3rdPersonController_LITE/3D Models/Textures/prototype_textures/Materials/door_green.mat
  artifactKey: Guid(5999b5843e39db342b3ebc07a2d0f3e6) Importer(815301076,1909f56bfc062723c751e8b465ee728b)
Start importing Assets/Invector-3rdPersonController_LITE/3D Models/Textures/prototype_textures/Materials/door_green.mat using Guid(5999b5843e39db342b3ebc07a2d0f3e6) Importer(815301076,1909f56bfc062723c751e8b465ee728b)  -> (artifact id: 'f502e04d62a39675450a190f55ed070e') in 0.024285 seconds 
  Import took 0.030190 seconds .

========================================================================
Received Import Request.
  Time since last request: 0.000419 seconds.
  path: Assets/Invector-3rdPersonController_LITE/3D Models/Textures/basicTextures/Materials/frameborder_r.mat
  artifactKey: Guid(deafb5699641fa94193a1a0a36e9243b) Importer(815301076,1909f56bfc062723c751e8b465ee728b)
Start importing Assets/Invector-3rdPersonController_LITE/3D Models/Textures/basicTextures/Materials/frameborder_r.mat using Guid(deafb5699641fa94193a1a0a36e9243b) Importer(815301076,1909f56bfc062723c751e8b465ee728b)  -> (artifact id: 'f1cfeeee7492cb2fc769f906ad4435af') in 0.020704 seconds 
  Import took 0.026807 seconds .

========================================================================
Received Import Request.
  Time since last request: 0.000373 seconds.
  path: Assets/FreeMountain/Materials/Free_Mountain.mat
  artifactKey: Guid(5973ab68ded66ee48b3a47063424e995) Importer(815301076,1909f56bfc062723c751e8b465ee728b)
Start importing Assets/FreeMountain/Materials/Free_Mountain.mat using Guid(5973ab68ded66ee48b3a47063424e995) Importer(815301076,1909f56bfc062723c751e8b465ee728b)  -> (artifact id: '3e391d0bf187b9ab64e514519cde391e') in 0.024110 seconds 
  Import took 0.028519 seconds .

========================================================================
Received Import Request.
  Time since last request: 0.000512 seconds.
  path: Assets/unity-chan!/Unity-chan! Model/Art/Animations/unitychan_ARpose2.fbx
  artifactKey: Guid(edd51f298e7994c498b99bd24c098f52) Importer(815301076,1909f56bfc062723c751e8b465ee728b)
Start importing Assets/unity-chan!/Unity-chan! Model/Art/Animations/unitychan_ARpose2.fbx using Guid(edd51f298e7994c498b99bd24c098f52) Importer(815301076,1909f56bfc062723c751e8b465ee728b)  -> (artifact id: 'f4bf69b1e783036cd1513315226abd5f') in 0.080913 seconds 
  Import took 0.092869 seconds .

========================================================================
Received Import Request.
  Time since last request: 0.000637 seconds.
  path: Assets/unity-chan!/Unity-chan! Model/Art/Animations/unitychan_ARpose1.fbx
  artifactKey: Guid(e8397bfde2758f942a04edaaf7ad57ec) Importer(815301076,1909f56bfc062723c751e8b465ee728b)
Start importing Assets/unity-chan!/Unity-chan! Model/Art/Animations/unitychan_ARpose1.fbx using Guid(e8397bfde2758f942a04edaaf7ad57ec) Importer(815301076,1909f56bfc062723c751e8b465ee728b)  -> (artifact id: '728a8969175110771b7b45626ee02b55') in 0.047619 seconds 
  Import took 0.057829 seconds .

========================================================================
Received Import Request.
  Time since last request: 0.000750 seconds.
  path: Assets/unity-chan!/Unity-chan! Model/Art/Animations/unitychan_DAMAGED00.fbx
  artifactKey: Guid(6dd5b57ca7c0d48e4b3e9061e1c88d18) Importer(815301076,1909f56bfc062723c751e8b465ee728b)
Start importing Assets/unity-chan!/Unity-chan! Model/Art/Animations/unitychan_DAMAGED00.fbx using Guid(6dd5b57ca7c0d48e4b3e9061e1c88d18) Importer(815301076,1909f56bfc062723c751e8b465ee728b)  -> (artifact id: '37706389dad797007dc43097566b197d') in 0.106744 seconds 
  Import took 0.113660 seconds .

========================================================================
Received Import Request.
  Time since last request: 0.000360 seconds.
  path: Assets/unity-chan!/Unity-chan! Model/Art/UnityChanShader/Materials/eye_L1.mat
  artifactKey: Guid(a0186681a218f4550a84e6f0488e8b61) Importer(815301076,1909f56bfc062723c751e8b465ee728b)
Start importing Assets/unity-chan!/Unity-chan! Model/Art/UnityChanShader/Materials/eye_L1.mat using Guid(a0186681a218f4550a84e6f0488e8b61) Importer(815301076,1909f56bfc062723c751e8b465ee728b)  -> (artifact id: '173a73aaf473fa3f8ad3c02eeb545ece') in 0.018486 seconds 
  Import took 0.024296 seconds .

========================================================================
Received Import Request.
  Time since last request: 0.000456 seconds.
  path: Assets/Invector-3rdPersonController_LITE/3D Models/Others/Materials/blue_cube.mat
  artifactKey: Guid(e214d4cadc22d544dae9aa451755af12) Importer(815301076,1909f56bfc062723c751e8b465ee728b)
Start importing Assets/Invector-3rdPersonController_LITE/3D Models/Others/Materials/blue_cube.mat using Guid(e214d4cadc22d544dae9aa451755af12) Importer(815301076,1909f56bfc062723c751e8b465ee728b)  -> (artifact id: '0d579b4c665110e4e251858f03922dbd') in 0.020785 seconds 
  Import took 0.027451 seconds .

========================================================================
Received Import Request.
  Time since last request: 0.000480 seconds.
  path: Assets/unity-chan!/Unity-chan! Model/Art/Animations/unitychan_JUMP00B.fbx
  artifactKey: Guid(d6fd0c7048894427c8663615237d6a77) Importer(815301076,1909f56bfc062723c751e8b465ee728b)
Start importing Assets/unity-chan!/Unity-chan! Model/Art/Animations/unitychan_JUMP00B.fbx using Guid(d6fd0c7048894427c8663615237d6a77) Importer(815301076,1909f56bfc062723c751e8b465ee728b)  -> (artifact id: '48c1ee9ab11f3bc1bc453cce671abfca') in 0.120927 seconds 
  Import took 0.127761 seconds .

========================================================================
Received Import Request.
  Time since last request: 0.000632 seconds.
  path: Assets/unity-chan!/Unity-chan! Model/Art/Animations/unitychan_WAIT02.fbx
  artifactKey: Guid(e54e2e1fa0a994b389fe0654511fac47) Importer(815301076,1909f56bfc062723c751e8b465ee728b)
Start importing Assets/unity-chan!/Unity-chan! Model/Art/Animations/unitychan_WAIT02.fbx using Guid(e54e2e1fa0a994b389fe0654511fac47) Importer(815301076,1909f56bfc062723c751e8b465ee728b)  -> (artifact id: '37c97e88c30345c1b974e1cb34489283') in 0.164349 seconds 
  Import took 0.171944 seconds .

========================================================================
Received Import Request.
  Time since last request: 0.000648 seconds.
  path: Assets/Invector-3rdPersonController_LITE/3D Models/Others/Materials/blue_door_simple.mat
  artifactKey: Guid(36f46cb6c3aa5b341af66d6edf02bca9) Importer(815301076,1909f56bfc062723c751e8b465ee728b)
Start importing Assets/Invector-3rdPersonController_LITE/3D Models/Others/Materials/blue_door_simple.mat using Guid(36f46cb6c3aa5b341af66d6edf02bca9) Importer(815301076,1909f56bfc062723c751e8b465ee728b)  -> (artifact id: 'faf876c725e714905205afc89f345f2a') in 0.024295 seconds 
  Import took 0.030309 seconds .

========================================================================
Received Import Request.
  Time since last request: 0.000593 seconds.
  path: Assets/unity-chan!/Unity-chan! Model/Art/Animations/unitychan_RUN00_F.fbx
  artifactKey: Guid(26055e26f15260e4e8e0e51f50c41926) Importer(815301076,1909f56bfc062723c751e8b465ee728b)
Start importing Assets/unity-chan!/Unity-chan! Model/Art/Animations/unitychan_RUN00_F.fbx using Guid(26055e26f15260e4e8e0e51f50c41926) Importer(815301076,1909f56bfc062723c751e8b465ee728b)  -> (artifact id: '4a8a27c292d1a19a8ced8bc6c94f9d3c') in 0.117246 seconds 
  Import took 0.124292 seconds .

========================================================================
Received Import Request.
  Time since last request: 0.000516 seconds.
  path: Assets/unity-chan!/Unity-chan! Model/Art/UnityChanShader/Materials/face.mat
  artifactKey: Guid(cb35fb92776d24a65827b1d3ab18fe60) Importer(815301076,1909f56bfc062723c751e8b465ee728b)
Start importing Assets/unity-chan!/Unity-chan! Model/Art/UnityChanShader/Materials/face.mat using Guid(cb35fb92776d24a65827b1d3ab18fe60) Importer(815301076,1909f56bfc062723c751e8b465ee728b)  -> (artifact id: '21e5d09648f04cc3f3d3367aba7eb3e6') in 0.015837 seconds 
  Import took 0.020480 seconds .

========================================================================
Received Import Request.
  Time since last request: 0.000326 seconds.
  path: Assets/Invector-3rdPersonController_LITE/3D Models/Textures/basicTextures/Materials/greenEmit.mat
  artifactKey: Guid(57a4ec3e493b1cb4c8a8a16b70a5c441) Importer(815301076,1909f56bfc062723c751e8b465ee728b)
Start importing Assets/Invector-3rdPersonController_LITE/3D Models/Textures/basicTextures/Materials/greenEmit.mat using Guid(57a4ec3e493b1cb4c8a8a16b70a5c441) Importer(815301076,1909f56bfc062723c751e8b465ee728b)  -> (artifact id: '368098c101d6e303961e3f9dd7b79ccb') in 0.193098 seconds 
  Import took 0.198331 seconds .

========================================================================
Received Import Request.
  Time since last request: 0.000438 seconds.
  path: Assets/Invector-3rdPersonController_LITE/3D Models/Others/Materials/invector-icon-black.mat
  artifactKey: Guid(39d6724e2b23c8b428548aa580145ac7) Importer(815301076,1909f56bfc062723c751e8b465ee728b)
Start importing Assets/Invector-3rdPersonController_LITE/3D Models/Others/Materials/invector-icon-black.mat using Guid(39d6724e2b23c8b428548aa580145ac7) Importer(815301076,1909f56bfc062723c751e8b465ee728b)  -> (artifact id: '8dfb7cedcd17ded9dc7cd61194bc1c9d') in 0.024155 seconds 
  Import took 0.030055 seconds .

========================================================================
Received Import Request.
  Time since last request: 0.286421 seconds.
  path: Assets/Scenes/SampleScene.unity
  artifactKey: Guid(9fc0d4010bbf28b4594072e72b8655ab) Importer(815301076,1909f56bfc062723c751e8b465ee728b)
Start importing Assets/Scenes/SampleScene.unity using Guid(9fc0d4010bbf28b4594072e72b8655ab) Importer(815301076,1909f56bfc062723c751e8b465ee728b)  -> (artifact id: '9d2618858084561bc3cb121c05bdf090') in 0.004985 seconds 
  Import took 0.010558 seconds .

========================================================================
Received Import Request.
  Time since last request: 0.417504 seconds.
  path: Assets/Scenes/SampleScene
  artifactKey: Guid(8e4b0181fd5157946aab0987eb925457) Importer(815301076,1909f56bfc062723c751e8b465ee728b)
Start importing Assets/Scenes/SampleScene using Guid(8e4b0181fd5157946aab0987eb925457) Importer(815301076,1909f56bfc062723c751e8b465ee728b)  -> (artifact id: '8fcba47d18462654645db4dfeb5f8923') in 0.006018 seconds 
  Import took 0.013081 seconds .

========================================================================
Received Import Request.
  Time since last request: 5.092314 seconds.
  path: Assets/unity-chan!/Unity-chan! Model
  artifactKey: Guid(6395fe2434a22ef41b83186b290f8fab) Importer(815301076,1909f56bfc062723c751e8b465ee728b)
Start importing Assets/unity-chan!/Unity-chan! Model using Guid(6395fe2434a22ef41b83186b290f8fab) Importer(815301076,1909f56bfc062723c751e8b465ee728b)  -> (artifact id: '4da1c6fc935fe302be838b1c133b3a4e') in 0.004769 seconds 
  Import took 0.012350 seconds .

========================================================================
Received Import Request.
  Time since last request: 1.026741 seconds.
  path: Assets/unity-chan!/Unity-chan! Model/Audio
  artifactKey: Guid(c388b2cfb1710a449aeb185fe484b341) Importer(815301076,1909f56bfc062723c751e8b465ee728b)
Start importing Assets/unity-chan!/Unity-chan! Model/Audio using Guid(c388b2cfb1710a449aeb185fe484b341) Importer(815301076,1909f56bfc062723c751e8b465ee728b)  -> (artifact id: '5a01da851a5d61a88d022a6c1cbe680b') in 0.005744 seconds 
  Import took 0.012913 seconds .

========================================================================
Received Import Request.
  Time since last request: 0.747745 seconds.
  path: Assets/unity-chan!/Unity-chan! Model/Art
  artifactKey: Guid(defce7c728fb01d49a7a7e9205dbde77) Importer(815301076,1909f56bfc062723c751e8b465ee728b)
Start importing Assets/unity-chan!/Unity-chan! Model/Art using Guid(defce7c728fb01d49a7a7e9205dbde77) Importer(815301076,1909f56bfc062723c751e8b465ee728b)  -> (artifact id: '4aca67682a69ff282d45018f8ab601fd') in 0.005761 seconds 
  Import took 0.013291 seconds .

========================================================================
Received Import Request.
  Time since last request: 12.578408 seconds.
  path: Assets/Invector-3rdPersonController_LITE/3D Models/Animations
  artifactKey: Guid(87ecd9cffcda18a489b8f0b714256e15) Importer(815301076,1909f56bfc062723c751e8b465ee728b)
Start importing Assets/Invector-3rdPersonController_LITE/3D Models/Animations using Guid(87ecd9cffcda18a489b8f0b714256e15) Importer(815301076,1909f56bfc062723c751e8b465ee728b)  -> (artifact id: 'ba102d0c0d77cd602ee849be8002c75b') in 0.004210 seconds 
  Import took 0.011691 seconds .

AssetImportWorkerClient::OnTransportError - code=2 error=End of file
